<?xml version="1.0" encoding="UTF-8"?>
<!-- Generated by org.testng.reporters.JUnitXMLReporter -->
<testsuite ignored="0" hostname="LAPTOP-BIM2FR3V" failures="0" tests="6" name="Test" time="49.146" errors="0" timestamp="2026-04-21T05:16:10 IST">
  <testcase classname="testScenarios.MouseHover" name="dragAndDrop" time="10.182"/>
  <testcase classname="testScenarios.MouseHover" name="radAndChkBox" time="15.078"/>
  <testcase classname="testScenarios.MouseHover" name="selDate" time="11.655"/>
  <testcase classname="testScenarios.SwitchingWin" name="switchPage" time="4.248"/>
  <testcase classname="testScenarios.CountLinks" name="googleLinkCount" time="3.659"/>
  <testcase classname="testScenarios.DynDataHand" name="addDynData" time="4.247"/>
</testsuite> <!-- Test -->
