<?xml version="1.0" encoding="UTF-8"?>
<!-- Generated by org.testng.reporters.JUnitXMLReporter -->
<testsuite ignored="0" hostname="LAPTOP-BIM2FR3V" failures="0" tests="6" name="Test" time="55.214" errors="0" timestamp="2026-04-22T05:56:13 IST">
  <testcase classname="testScenarios.MouseHover" name="dragAndDrop" time="10.302"/>
  <testcase classname="testScenarios.MouseHover" name="radAndChkBox" time="16.451"/>
  <testcase classname="testScenarios.MouseHover" name="selDate" time="13.803"/>
  <testcase classname="testScenarios.SwitchingWin" name="switchPage" time="5.288"/>
  <testcase classname="testScenarios.CountLinks" name="googleLinkCount" time="4.87"/>
  <testcase classname="testScenarios.DynDataHand" name="addDynData" time="4.409"/>
</testsuite> <!-- Test -->
