<?xml version="1.0" encoding="UTF-8"?>
<testng-results ignored="0" total="6" passed="6" failed="0" skipped="0">
  <reporter-output>
    <line>
      <![CDATA[title matched...]]>
    </line>
    <line>
      <![CDATA[Sign in button is enabled...]]>
    </line>
  </reporter-output>
  <suite started-at="2026-04-22T05:55:18 IST" name="Suite" finished-at="2026-04-22T05:56:13 IST" duration-ms="55214">
    <groups>
    </groups>
    <test started-at="2026-04-22T05:55:18 IST" name="Test" finished-at="2026-04-22T05:56:13 IST" duration-ms="55214">
      <class name="testScenarios.MouseHover">
        <test-method signature="dragAndDrop()[pri:0, instance:testScenarios.MouseHover@6a192cfe]" started-at="2026-04-22T05:55:18 IST" name="dragAndDrop" finished-at="2026-04-22T05:55:28 IST" duration-ms="10302" status="PASS">
          <reporter-output>
          </reporter-output>
        </test-method> <!-- dragAndDrop -->
        <test-method signature="radAndChkBox()[pri:0, instance:testScenarios.MouseHover@6a192cfe]" started-at="2026-04-22T05:55:28 IST" name="radAndChkBox" finished-at="2026-04-22T05:55:45 IST" duration-ms="16451" status="PASS">
          <reporter-output>
          </reporter-output>
        </test-method> <!-- radAndChkBox -->
        <test-method signature="selDate()[pri:0, instance:testScenarios.MouseHover@6a192cfe]" started-at="2026-04-22T05:55:45 IST" name="selDate" finished-at="2026-04-22T05:55:58 IST" duration-ms="13803" status="PASS">
          <reporter-output>
          </reporter-output>
        </test-method> <!-- selDate -->
      </class> <!-- testScenarios.MouseHover -->
      <class name="testScenarios.CountLinks">
        <test-method signature="googleLinkCount()[pri:0, instance:testScenarios.CountLinks@56620197]" started-at="2026-04-22T05:56:04 IST" name="googleLinkCount" finished-at="2026-04-22T05:56:09 IST" duration-ms="4870" status="PASS">
          <reporter-output>
          </reporter-output>
        </test-method> <!-- googleLinkCount -->
      </class> <!-- testScenarios.CountLinks -->
      <class name="testScenarios.DynDataHand">
        <test-method signature="addDynData()[pri:0, instance:testScenarios.DynDataHand@6eda5c9]" started-at="2026-04-22T05:56:09 IST" name="addDynData" finished-at="2026-04-22T05:56:13 IST" duration-ms="4409" status="PASS">
          <reporter-output>
          </reporter-output>
        </test-method> <!-- addDynData -->
      </class> <!-- testScenarios.DynDataHand -->
      <class name="testScenarios.SwitchingWin">
        <test-method signature="switchPage()[pri:0, instance:testScenarios.SwitchingWin@393671df]" started-at="2026-04-22T05:55:58 IST" name="switchPage" finished-at="2026-04-22T05:56:04 IST" duration-ms="5288" status="PASS">
          <reporter-output>
            <line>
              <![CDATA[title matched...]]>
            </line>
            <line>
              <![CDATA[Sign in button is enabled...]]>
            </line>
          </reporter-output>
        </test-method> <!-- switchPage -->
      </class> <!-- testScenarios.SwitchingWin -->
    </test> <!-- Test -->
  </suite> <!-- Suite -->
</testng-results>
