<?xml version="1.0" encoding="UTF-8"?>
<testsuite xmlns:xsi="http://www.w3.org/2001/XMLSchema-instance" xsi:noNamespaceSchemaLocation="https://maven.apache.org/surefire/maven-surefire-plugin/xsd/surefire-test-report.xsd" version="3.0.1" name="TestSuite" time="56.436" tests="6" errors="0" skipped="0" failures="0">
  <properties>
[...]
</properties>
  <testcase name="dragAndDrop" classname="testScenarios.MouseHover" time="10.307">
    <system-err><![CDATA[SLF4J(W): No SLF4J providers were found.
SLF4J(W): Defaulting to no-operation (NOP) logger implementation
SLF4J(W): See https://www.slf4j.org/codes.html#noProviders for further details.
]]></system-err>
  </testcase>
  <testcase name="radAndChkBox" classname="testScenarios.MouseHover" time="16.45">
    <system-out><![CDATA[BMW Radio button is selected...
Benz and Honda are selected...
]]></system-out>
  </testcase>
  <testcase name="selDate" classname="testScenarios.MouseHover" time="13.803"/>
  <testcase name="switchPage" classname="testScenarios.SwitchingWin" time="5.287">
    <system-out><![CDATA[Total windows opened=2
Window1 id=BEC17B79348A68EC33EE88C0FC399131
Window2 id=F88AE610344C7C872B4D71399D77649E
Window1 Title=W3Schools Tryit Editor
title matched...
Window2 Title=W3Schools Online Web Tutorials
Signin button is enabled...
]]></system-out>
  </testcase>
  <testcase name="googleLinkCount" classname="testScenarios.CountLinks" time="4.868">
    <system-out><![CDATA[total number of links=26
Total number of Visible links=20
About
Store
Gmail
Images

Sign in
हिन्दी
বাংলা
తెలుగు
मराठी
தமிழ்
ગુજરાતી
ಕನ್ನಡ
മലയാളം
ਪੰਜਾਬੀ
Advertising
Business
How Search works
Privacy
Terms
]]></system-out>
  </testcase>
  <testcase name="addDynData" classname="testScenarios.DynDataHand" time="4.411">
    <system-out><![CDATA[What is 3 + 2
3	2
Total=5
What is 1 + 9
1	9
Total=10
What is 3 + 8
3	8
Total=11
]]></system-out>
  </testcase>
</testsuite>