<?xml version="1.0" encoding="UTF-8"?>
<testng-results ignored="0" total="6" passed="6" failed="0" skipped="0">
  <reporter-output>
    <line>
      <![CDATA[title matched...]]>
    </line>
    <line>
      <![CDATA[Sign in button is enabled...]]>
    </line>
  </reporter-output>
  <suite started-at="2026-04-21T05:15:21 IST" name="Suite" finished-at="2026-04-21T05:16:10 IST" duration-ms="49146">
    <groups>
    </groups>
    <test started-at="2026-04-21T05:15:21 IST" name="Test" finished-at="2026-04-21T05:16:10 IST" duration-ms="49146">
      <class name="testScenarios.MouseHover">
        <test-method signature="dragAndDrop()[pri:0, instance:testScenarios.MouseHover@3023df74]" started-at="2026-04-21T05:15:21 IST" name="dragAndDrop" finished-at="2026-04-21T05:15:31 IST" duration-ms="10182" status="PASS">
          <reporter-output>
          </reporter-output>
        </test-method> <!-- dragAndDrop -->
        <test-method signature="radAndChkBox()[pri:0, instance:testScenarios.MouseHover@3023df74]" started-at="2026-04-21T05:15:31 IST" name="radAndChkBox" finished-at="2026-04-21T05:15:46 IST" duration-ms="15078" status="PASS">
          <reporter-output>
          </reporter-output>
        </test-method> <!-- radAndChkBox -->
        <test-method signature="selDate()[pri:0, instance:testScenarios.MouseHover@3023df74]" started-at="2026-04-21T05:15:46 IST" name="selDate" finished-at="2026-04-21T05:15:58 IST" duration-ms="11655" status="PASS">
          <reporter-output>
          </reporter-output>
        </test-method> <!-- selDate -->
      </class> <!-- testScenarios.MouseHover -->
      <class name="testScenarios.CountLinks">
        <test-method signature="googleLinkCount()[pri:0, instance:testScenarios.CountLinks@5c6648b0]" started-at="2026-04-21T05:16:02 IST" name="googleLinkCount" finished-at="2026-04-21T05:16:06 IST" duration-ms="3659" status="PASS">
          <reporter-output>
          </reporter-output>
        </test-method> <!-- googleLinkCount -->
      </class> <!-- testScenarios.CountLinks -->
      <class name="testScenarios.DynDataHand">
        <test-method signature="addDynData()[pri:0, instance:testScenarios.DynDataHand@6f1de4c7]" started-at="2026-04-21T05:16:06 IST" name="addDynData" finished-at="2026-04-21T05:16:10 IST" duration-ms="4247" status="PASS">
          <reporter-output>
          </reporter-output>
        </test-method> <!-- addDynData -->
      </class> <!-- testScenarios.DynDataHand -->
      <class name="testScenarios.SwitchingWin">
        <test-method signature="switchPage()[pri:0, instance:testScenarios.SwitchingWin@2a4fb17b]" started-at="2026-04-21T05:15:58 IST" name="switchPage" finished-at="2026-04-21T05:16:02 IST" duration-ms="4248" status="PASS">
          <reporter-output>
            <line>
              <![CDATA[title matched...]]>
            </line>
            <line>
              <![CDATA[Sign in button is enabled...]]>
            </line>
          </reporter-output>
        </test-method> <!-- switchPage -->
      </class> <!-- testScenarios.SwitchingWin -->
    </test> <!-- Test -->
  </suite> <!-- Suite -->
</testng-results>
