<?xml version="1.0" encoding="UTF-8"?>
<!-- Generated by org.testng.reporters.JUnitReportReporter -->
<testsuite hostname="LAPTOP-BIM2FR3V" failures="0" tests="3" name="testScenarios.MouseHover" time="36.915" errors="0" timestamp="2026-04-21T05:16:11 IST" skipped="0">
  <testcase classname="testScenarios.MouseHover" name="dragAndDrop" time="10.182"/>
  <testcase classname="testScenarios.MouseHover" name="radAndChkBox" time="15.078"/>
  <testcase classname="testScenarios.MouseHover" name="selDate" time="11.655"/>
  <system-out>
    <![CDATA[title matched...
Sign in button is enabled...]]>
  </system-out>
</testsuite> <!-- testScenarios.MouseHover -->
