<?xml version="1.0" encoding="UTF-8"?>
<!-- Generated by org.testng.reporters.JUnitReportReporter -->
<testsuite hostname="LAPTOP-BIM2FR3V" failures="0" tests="3" name="testScenarios.MouseHover" time="40.556" errors="0" timestamp="2026-04-22T05:56:13 IST" skipped="0">
  <testcase classname="testScenarios.MouseHover" name="dragAndDrop" time="10.302"/>
  <testcase classname="testScenarios.MouseHover" name="radAndChkBox" time="16.451"/>
  <testcase classname="testScenarios.MouseHover" name="selDate" time="13.803"/>
  <system-out>
    <![CDATA[title matched...
Sign in button is enabled...]]>
  </system-out>
</testsuite> <!-- testScenarios.MouseHover -->
