<?xml version="1.0" encoding="UTF-8"?>
<!-- Generated by org.testng.reporters.JUnitReportReporter -->
<testsuite hostname="LAPTOP-BIM2FR3V" failures="0" tests="1" name="testScenarios.SwitchingWin" time="5.288" errors="0" timestamp="2026-04-22T05:56:13 IST" skipped="0">
  <testcase classname="testScenarios.SwitchingWin" name="switchPage" time="5.288">
    <system-out>
      <![CDATA[title matched...
Sign in button is enabled...]]>
    </system-out>
  </testcase> <!-- switchPage -->
  <system-out>
    <![CDATA[title matched...
Sign in button is enabled...]]>
  </system-out>
</testsuite> <!-- testScenarios.SwitchingWin -->
